#
# A fatal error has been detected by the Java Runtime Environment:
#
#  EXCEPTION_STACK_OVERFLOW (0xc00000fd) at pc=0x000000007687aefb, pid=13280, tid=0x000000000000363c
#
# JRE version: Java(TM) SE Runtime Environment (8.0_281-b09) (build 1.8.0_281-b09)
# Java VM: Java HotSpot(TM) 64-Bit Server VM (25.281-b09 mixed mode windows-amd64 compressed oops)
# Problematic frame:
# V  [jvm.dll+0x20aefb]
#
# Failed to write core dump. Minidumps are not enabled by default on client versions of Windows
#
# If you would like to submit a bug report, please visit:
#   http://bugreport.java.com/bugreport/crash.jsp
#

---------------  T H R E A D  ---------------

Current thread (0x0000026b95066800):  JavaThread "HikariPool-33 connection closer" daemon [_thread_in_vm, id=13884, stack(0x000000b48c100000,0x000000b48c200000)]

siginfo: ExceptionCode=0xc00000fd, ExceptionInformation=0x0000000000000001 0x000000b48c1fe7c0 

Registers:
RAX=0x0000000000000002, RBX=0x0000000000000002, RCX=0x000000b48c1fe7c0, RDX=0x0000000000001000
RSP=0x000000b48c1ff7c0, RBP=0x000000b48c1ff8c0, RSI=0x0000000000000002, RDI=0x0000026b92b6e2f0
R8 =0x0000000000000005, R9 =0x0000000000000006, R10=0x0000026b95a71240, R11=0x0000026b92b6e2f0
R12=0x0000026b9599fc10, R13=0x000000b48c1ffb90, R14=0x000000b48c1ffac0, R15=0x000000b48c1ff7c0
RIP=0x000000007687aefb, EFLAGS=0x0000000000010202

Top of Stack: (sp=0x000000b48c1ff7c0)
0x000000b48c1ff7c0:   0000026b95066800 0000000000000001
0x000000b48c1ff7d0:   0000026b92b6e2f0 00000000767371ca
0x000000b48c1ff7e0:   0000026b92b6e2f0 0000026b95066800
0x000000b48c1ff7f0:   00007fff123f2200 00007fff1544d964
0x000000b48c1ff800:   0000000a00006c00 0000026b92b6e2f0
0x000000b48c1ff810:   0000026b95066800 0000026b80046e20
0x000000b48c1ff820:   0000000000000001 00007fff15407955
0x000000b48c1ff830:   0000026b92b6e2f0 000000b400000001
0x000000b48c1ff840:   000000b400000005 0000026b95066800
0x000000b48c1ff850:   0000026b92b6e2f0 0000026b95066800
0x000000b48c1ff860:   0000026b92b6e2f0 0000026b95066800
0x000000b48c1ff870:   0000026b95066800 0000026b95066800
0x000000b48c1ff880:   0000000000000005 0000026b92b6e2f0
0x000000b48c1ff890:   0000000100006c48 000000007673c457
0x000000b48c1ff8a0:   0000026b9599fc10 000000b48c1ff901
0x000000b48c1ff8b0:   0000026b92b6e2f0 0000000000000000 

Instructions: (pc=0x000000007687aefb)
0x000000007687aedb:   f8 7c 33 48 8b de e8 0a 9c 08 00 48 63 d0 ff c6
0x000000007687aeeb:   48 0f af d3 49 8b cf 48 63 c6 48 2b ca 48 ff c3
0x000000007687aefb:   c7 01 00 00 00 00 48 3b 05 50 f6 55 00 7e d7 48
0x000000007687af0b:   8b 9d e8 00 00 00 48 8d 54 24 48 48 8d 4d 50 e8 


Register to memory mapping:

RAX=0x0000000000000002 is an unknown value
RBX=0x0000000000000002 is an unknown value
RCX=0x000000b48c1fe7c0 is pointing into the stack for thread: 0x0000026b95066800
RDX=0x0000000000001000 is an unknown value
RSP=0x000000b48c1ff7c0 is pointing into the stack for thread: 0x0000026b95066800
RBP=0x000000b48c1ff8c0 is pointing into the stack for thread: 0x0000026b95066800
RSI=0x0000000000000002 is an unknown value
RDI={method} {0x0000026b92b6e2f8} 'run' '()V' in 'java/lang/Thread'
R8 =0x0000000000000005 is an unknown value
R9 =0x0000000000000006 is an unknown value
R10=0x0000026b95a71240 is an unknown value
R11={method} {0x0000026b92b6e2f8} 'run' '()V' in 'java/lang/Thread'
R12=0x0000026b9599fc10 is an unknown value
R13=0x000000b48c1ffb90 is pointing into the stack for thread: 0x0000026b95066800
R14=0x000000b48c1ffac0 is pointing into the stack for thread: 0x0000026b95066800
R15=0x000000b48c1ff7c0 is pointing into the stack for thread: 0x0000026b95066800


Stack: [0x000000b48c100000,0x000000b48c200000],  sp=0x000000b48c1ff7c0,  free space=1021k
